
---------------------------------------------------------------------------------------------------------------------------------------------------------------------
TRACE                           ../TRACES/cactuBSSN_17.mtf.gz
INST_SIM                        100M            
INST_WARMUP                     20M             
NUM_THREADS                     4               
CORE_FETCH_WIDTH                4               
CORE_ROB_SIZE                   384             
CORE_FTB_SIZE                   64              
---------------------------------------------------------------------------------------------------------------------------------------------------------------------
CACHE       SIZE (kB)   SETS    WAYS    REPL    MSHR    PORTS   LATENCY     RQ:WQ:PQ    
---------------------------------------------------------------------------------------------------------------------------------------------------------------------
L1I$        N/A         64      8       LRU     8       2       4           64:64:32    
L1D$        N/A         64      8       LRU     8       2       4           64:64:32    
L2$         N/A         64      8       LRU     8       2       4           64:64:32    
LLC         8192        8192    16      LRU     64      4       20          64:64:32    
---------------------------------------------------------------------------------------------------------------------------------------------------------------------
DRAM frequency = 2.4GHz, tCK = 0.41667
Page Policy = OPEN, Address Mapping = MOP4
Address Mapping:
---------------------------------------------------------------------------------------------------------------------------------------------------------------------
0                 6                 12                18                24                30                36                42                48                
.  .  .  .  .  .  li li li li li li pg pg pg pg pg pg pg pg pg pg pg pg pg pg pg pg pg pg pg pg pg pg pg pg pg pg pg pg pg pg pg pg pg pg pg pg 
.  .  .  .  .  .  co co ch bg bg bg ba ba co co co co co ro ro ro ro ro ro ro ro ro ro ro ro ro ro ro ro 

DRAM TIMING             ns          nCK         
---------------------------------------------------------------------------------------------------------------------------------------------------------------------
CL                      16.2        39          
CWL                     15.4        37          
tRCD                    16.2        39          
tRP                     16.2        39          
tRAS                    32.1        77          
tRTP                    7.5         18          
tWR                     30          72          

tCCD_S(L)               3.33(5)     8(12)       
tCCD_S(L)_WR            3.33(20)    8(48)       
tCCD_S(L)_WTR           21.2(28.8)  51(69)      
tCCD_S(L)_RTW           21.2(28.8)  51(69)      
tRRD_S(L)               3.33(5)     8(12)       

tFAW                    13.3        32          
tRFC                    410         984         
tREFI                   3.91e+03    9375        
---------------------------------------------------------------------------------------------------------------------------------------------------------------------

WARMUP:	....................DONE

CYCLE = 0M  [ INST:     0M     0M     0M     0M ]
	progress: ..................................................
---------------------------------------------------------------------------------------------------------------------------------------------------------------------
CORE_0      INST                                   100000000
CORE_0      CYCLES                                  49285522
CORE_0      IPC                                        2.029
---------------------------------------------------------------------------------------------------------------------------------------------------------------------
CACHE           ACCESSES        MISSES          MISS_RATE       INVALIDATES     WRITE_ALLOC     APKI            MPKI            AAT             MISS_PENALTY    WRITEBACKS      WRITE_BLOCKED   
---------------------------------------------------------------------------------------------------------------------------------------------------------------------
CORE_0_LLC      9959395         353707          0.0355          0               0               99.6            3.54            39.4            565             310088          530808          
---------------------------------------------------------------------------------------------------------------------------------------------------------------------
CORE_1      INST                                   100000000
CORE_1      CYCLES                                  49234544
CORE_1      IPC                                       2.0311
---------------------------------------------------------------------------------------------------------------------------------------------------------------------
CACHE           ACCESSES        MISSES          MISS_RATE       INVALIDATES     WRITE_ALLOC     APKI            MPKI            AAT             MISS_PENALTY    WRITEBACKS      WRITE_BLOCKED   
---------------------------------------------------------------------------------------------------------------------------------------------------------------------
CORE_1_LLC      9959127         353807          0.0355          0               0               99.6            3.54            39.1            559             309778          530216          
---------------------------------------------------------------------------------------------------------------------------------------------------------------------
CORE_2      INST                                   100000003
CORE_2      CYCLES                                  49305576
CORE_2      IPC                                       2.0282
---------------------------------------------------------------------------------------------------------------------------------------------------------------------
CACHE           ACCESSES        MISSES          MISS_RATE       INVALIDATES     WRITE_ALLOC     APKI            MPKI            AAT             MISS_PENALTY    WRITEBACKS      WRITE_BLOCKED   
---------------------------------------------------------------------------------------------------------------------------------------------------------------------
CORE_2_LLC      9959109         353884          0.0355          0               0               99.6            3.54            39.4            566             310196          531020          
---------------------------------------------------------------------------------------------------------------------------------------------------------------------
CORE_3      INST                                   100000003
CORE_3      CYCLES                                  49259142
CORE_3      IPC                                       2.0301
---------------------------------------------------------------------------------------------------------------------------------------------------------------------
CACHE           ACCESSES        MISSES          MISS_RATE       INVALIDATES     WRITE_ALLOC     APKI            MPKI            AAT             MISS_PENALTY    WRITEBACKS      WRITE_BLOCKED   
---------------------------------------------------------------------------------------------------------------------------------------------------------------------
CORE_3_LLC      9958986         353891          0.0355          0               0               99.6            3.54            39.4            567             309924          530486          
---------------------------------------------------------------------------------------------------------------------------------------------------------------------
DRAM        NUM_READS                                 708137          708063         1416200
DRAM        NUM_WRITES                                155091          155099          310190
DRAM        NUM_PRECHARGE                             867627          867602         1735229
DRAM        NUM_ACTIVATE                              867648          867622         1735270
DRAM        NUM_REFRESH                                 3128            3128            6256
DRAM        NUM_PREDEMAND                             779909          780114         1560023
DRAM        ROW_BUFFER_HITS                              747             682            1429
DRAM        ROW_BUFFER_HIT_RATE                   0.00086536      0.00079012      0.00082603
DRAM        WRITE_BLOCKED_CYCLES                        9693            9971            9832
DRAM        WRITE_BLOCKED_FRACTION                0.00032765      0.00033705      0.00033232
---------------------------------------------------------------------------------------------------------------------------------------------------------------------
OS          PAGE_FAULTS                                16460
---------------------------------------------------------------------------------------------------------------------------------------------------------------------
