
---------------------------------------------------------------------------------------------------------------------------------------------------------------------
TRACE                           ../TRACES/cactuBSSN_17.mtf.gz
INST_SIM                        100M            
INST_WARMUP                     20M             
NUM_THREADS                     4               
CORE_FETCH_WIDTH                4               
CORE_ROB_SIZE                   384             
CORE_FTB_SIZE                   64              
---------------------------------------------------------------------------------------------------------------------------------------------------------------------
CACHE       SIZE (kB)   SETS    WAYS    REPL    MSHR    PORTS   LATENCY     RQ:WQ:PQ    
---------------------------------------------------------------------------------------------------------------------------------------------------------------------
L1I$        N/A         64      8       LRU     8       2       4           64:64:32    
L1D$        N/A         64      8       LRU     8       2       4           64:64:32    
L2$         N/A         64      8       LRU     8       2       4           64:64:32    
LLC         8192        8192    16      LRU     64      4       20          64:64:32    
---------------------------------------------------------------------------------------------------------------------------------------------------------------------
DRAM frequency = 2.4GHz, tCK = 0.41667
Page Policy = OPEN, Address Mapping = MOP4
Address Mapping:
---------------------------------------------------------------------------------------------------------------------------------------------------------------------
0                 6                 12                18                24                30                36                42                48                
.  .  .  .  .  .  li li li li li li pg pg pg pg pg pg pg pg pg pg pg pg pg pg pg pg pg pg pg pg pg pg pg pg pg pg pg pg pg pg pg pg pg pg pg pg 
.  .  .  .  .  .  co co ch bg bg bg ba ba co co co co co ro ro ro ro ro ro ro ro ro ro ro ro ro ro ro ro 

DRAM TIMING             ns          nCK         
---------------------------------------------------------------------------------------------------------------------------------------------------------------------
CL                      16.2        39          
CWL                     15.4        37          
tRCD                    16.2        39          
tRP                     16.2        39          
tRAS                    32.1        77          
tRTP                    7.5         18          
tWR                     30          72          

tCCD_S(L)               3.33(5)     8(12)       
tCCD_S(L)_WR            3.33(20)    8(48)       
tCCD_S(L)_WTR           21.2(28.8)  51(69)      
tCCD_S(L)_RTW           21.2(28.8)  51(69)      
tRRD_S(L)               3.33(5)     8(12)       

tFAW                    13.3        32          
tRFC                    410         984         
tREFI                   3.91e+03    9375        
---------------------------------------------------------------------------------------------------------------------------------------------------------------------

WARMUP:	....................DONE

CYCLE = 0M  [ INST:     0M     0M     0M     0M ]
	progress: ............................................
---------------------------------------------------------------------------------------------------------------------------------------------------------------------
CORE_0      INST                                   100000001
CORE_0      CYCLES                                  43667535
CORE_0      IPC                                         2.29
---------------------------------------------------------------------------------------------------------------------------------------------------------------------
CACHE           ACCESSES        MISSES          MISS_RATE       INVALIDATES     WRITE_ALLOC     APKI            MPKI            AAT             MISS_PENALTY    WRITEBACKS      WRITE_BLOCKED   
---------------------------------------------------------------------------------------------------------------------------------------------------------------------
CORE_0_LLC      10010892        353691          0.0353          0               0               100             3.54            36              474             0               0               
---------------------------------------------------------------------------------------------------------------------------------------------------------------------
CORE_1      INST                                   100000003
CORE_1      CYCLES                                  43746011
CORE_1      IPC                                       2.2859
---------------------------------------------------------------------------------------------------------------------------------------------------------------------
CACHE           ACCESSES        MISSES          MISS_RATE       INVALIDATES     WRITE_ALLOC     APKI            MPKI            AAT             MISS_PENALTY    WRITEBACKS      WRITE_BLOCKED   
---------------------------------------------------------------------------------------------------------------------------------------------------------------------
CORE_1_LLC      10010905        353807          0.0353          0               0               100             3.54            36.1            477             0               0               
---------------------------------------------------------------------------------------------------------------------------------------------------------------------
CORE_2      INST                                   100000003
CORE_2      CYCLES                                  43788231
CORE_2      IPC                                       2.2837
---------------------------------------------------------------------------------------------------------------------------------------------------------------------
CACHE           ACCESSES        MISSES          MISS_RATE       INVALIDATES     WRITE_ALLOC     APKI            MPKI            AAT             MISS_PENALTY    WRITEBACKS      WRITE_BLOCKED   
---------------------------------------------------------------------------------------------------------------------------------------------------------------------
CORE_2_LLC      10010891        353885          0.0354          0               0               100             3.54            36.1            474             0               0               
---------------------------------------------------------------------------------------------------------------------------------------------------------------------
CORE_3      INST                                   100000000
CORE_3      CYCLES                                  43709501
CORE_3      IPC                                       2.2878
---------------------------------------------------------------------------------------------------------------------------------------------------------------------
CACHE           ACCESSES        MISSES          MISS_RATE       INVALIDATES     WRITE_ALLOC     APKI            MPKI            AAT             MISS_PENALTY    WRITEBACKS      WRITE_BLOCKED   
---------------------------------------------------------------------------------------------------------------------------------------------------------------------
CORE_3_LLC      10010894        353885          0.0353          0               0               100             3.54            36.3            481             0               0               
---------------------------------------------------------------------------------------------------------------------------------------------------------------------
DRAM        NUM_READS                                 708602          708594         1417196
DRAM        NUM_WRITES                                     0               0               0
DRAM        NUM_PRECHARGE                             711258          711296         1422554
DRAM        NUM_ACTIVATE                              711289          711328         1422617
DRAM        NUM_REFRESH                                 2778            2778            5556
DRAM        NUM_PREDEMAND                             632855          632777         1265632
DRAM        ROW_BUFFER_HITS                              933             904            1837
DRAM        ROW_BUFFER_HIT_RATE                    0.0013167       0.0012758       0.0012959
DRAM        WRITE_BLOCKED_CYCLES                           0               0               0
DRAM        WRITE_BLOCKED_FRACTION                         0               0               0
---------------------------------------------------------------------------------------------------------------------------------------------------------------------
OS          PAGE_FAULTS                                16464
---------------------------------------------------------------------------------------------------------------------------------------------------------------------
